<?xml version="1.0" encoding="UTF-8"?>
<!-- Generated by org.testng.reporters.JUnitXMLReporter -->
<testsuite ignored="0" hostname="IN-4ZY72J3" failures="0" tests="9" name="Default test" time="72.716" errors="0" timestamp="2022-07-14T03:12:04 IST">
  <testcase classname="com.Flipkart_selenium_tests.Home_test" name="Logo" time="0.285"/>
  <testcase classname="com.Flipkart_selenium_tests.Home_test" name="ship" time="3.882"/>
  <testcase classname="com.Flipkart_selenium_tests.Home_test" name="cross_login_box" time="0.202"/>
  <testcase classname="com.Flipkart_selenium_tests.Home_test" name="search" time="1.528"/>
  <testcase classname="com.Flipkart_selenium_tests.Home_test" name="sort_by_popularity" time="4.632"/>
  <testcase classname="com.Flipkart_selenium_tests.Home_test" name="wholesale" time="4.588"/>
  <testcase classname="com.Flipkart_selenium_tests.Home_test" name="Seller_Register" time="6.537"/>
  <testcase classname="com.Flipkart_selenium_tests.Home_test" name="Cart" time="7.346"/>
  <testcase classname="com.Flipkart_selenium_tests.Home_test" name="Payment" time="6.108"/>
</testsuite> <!-- Default test -->
