<?xml version="1.0" encoding="UTF-8"?>
<!-- Generated by org.testng.reporters.JUnitXMLReporter -->
<testsuite ignored="8" hostname="IN-4ZY72J3" failures="0" tests="1" name="Default test" time="13.888" errors="0" timestamp="2022-07-14T18:43:20 IST">
  <testcase classname="com.Flipkart_selenium_tests.Home_test" name="Seller_Register" time="7.505"/>
  <testcase classname="com.Flipkart_selenium_tests.Home_test" name="wholesale" time="0.0">
    <ignored/>
  </testcase> <!-- wholesale -->
  <testcase classname="com.Flipkart_selenium_tests.Home_test" name="search" time="0.0">
    <ignored/>
  </testcase> <!-- search -->
  <testcase classname="com.Flipkart_selenium_tests.Home_test" name="sort_by_popularity" time="0.0">
    <ignored/>
  </testcase> <!-- sort_by_popularity -->
  <testcase classname="com.Flipkart_selenium_tests.Home_test" name="Payment" time="0.0">
    <ignored/>
  </testcase> <!-- Payment -->
  <testcase classname="com.Flipkart_selenium_tests.Home_test" name="cross_login_box" time="0.0">
    <ignored/>
  </testcase> <!-- cross_login_box -->
  <testcase classname="com.Flipkart_selenium_tests.Home_test" name="ship" time="0.0">
    <ignored/>
  </testcase> <!-- ship -->
  <testcase classname="com.Flipkart_selenium_tests.Home_test" name="Cart" time="0.0">
    <ignored/>
  </testcase> <!-- Cart -->
  <testcase classname="com.Flipkart_selenium_tests.Home_test" name="Logo" time="0.0">
    <ignored/>
  </testcase> <!-- Logo -->
</testsuite> <!-- Default test -->
