<?xml version="1.0" encoding="UTF-8"?>
<!-- Generated by org.testng.reporters.JUnitXMLReporter -->
<testsuite ignored="10" hostname="IN-4ZY72J3" failures="0" tests="21" name="Test" time="198.513" errors="0" timestamp="2022-07-14T03:27:52 IST">
  <testcase classname="com.Flipkart_selenium_tests.Home_test" name="Logo" time="0.408"/>
  <testcase classname="com.Flipkart_selenium_tests.Home_test" name="ship" time="3.868"/>
  <testcase classname="com.Flipkart_selenium_tests.Home_test" name="cross_login_box" time="0.162"/>
  <testcase classname="com.Flipkart_selenium_tests.Home_test" name="search" time="1.178"/>
  <testcase classname="com.Flipkart_selenium_tests.Home_test" name="sort_by_popularity" time="4.648"/>
  <testcase classname="com.Flipkart_selenium_tests.Home_test" name="wholesale" time="4.008"/>
  <testcase classname="com.Flipkart_selenium_tests.Home_test" name="Seller_Register" time="7.018"/>
  <testcase classname="com.Flipkart_selenium_tests.Home_test" name="Cart" time="6.899"/>
  <testcase classname="com.Flipkart_selenium_tests.Home_test" name="Payment" time="6.058"/>
  <testcase classname="com.Flipkart_selenium_tests.MoreOptions_test" name="NotificationPreference" time="4.809"/>
  <testcase classname="com.Flipkart_selenium_tests.MoreOptions_test" name="customercare" time="4.86"/>
  <testcase classname="com.Flipkart_selenium_tests.Account_test" name="Wishlist" time="10.643"/>
  <testcase classname="com.Flipkart_selenium_tests.Account_test" name="Mychats" time="9.102"/>
  <testcase classname="com.Flipkart_selenium_tests.Account_test" name="MobileButton" time="6.882"/>
  <testcase classname="com.Flipkart_selenium_tests.Account_test" name="SuperCoin" time="11.85"/>
  <testcase classname="com.Flipkart_selenium_tests.Account_test" name="Grocery" time="7.759"/>
  <testcase classname="com.Flipkart_selenium_tests.Flights_test" name="FlightTravel" time="5.79"/>
  <testcase classname="com.Flipkart_selenium_tests.Login_test" name="Login" time="2.535"/>
  <testcase classname="com.Flipkart_selenium_tests.Login_test" name="Invalid_Login" time="2.573"/>
  <testcase classname="com.Flipkart_selenium_tests.Login_test" name="Otp_Login_button" time="2.314"/>
  <testcase classname="com.Flipkart_selenium_tests.Login_test" name="Logout" time="5.027"/>
  <testcase classname="com.Flipkart_selenium_tests.Base_Test" name="@AfterSuite endReport" time="0.0">
    <ignored/>
  </testcase> <!-- @AfterSuite endReport -->
  <testcase classname="com.Flipkart_selenium_tests.Base_Test" name="@AfterSuite endReport" time="0.0">
    <ignored/>
  </testcase> <!-- @AfterSuite endReport -->
  <testcase classname="com.Flipkart_selenium_tests.Base_Test" name="@AfterSuite endReport" time="0.0">
    <ignored/>
  </testcase> <!-- @AfterSuite endReport -->
  <testcase classname="com.Flipkart_selenium_tests.Base_Test" name="@AfterSuite endReport" time="0.0">
    <ignored/>
  </testcase> <!-- @AfterSuite endReport -->
  <testcase classname="com.Flipkart_selenium_tests.Base_Test" name="@AfterSuite endReport" time="0.0">
    <ignored/>
  </testcase> <!-- @AfterSuite endReport -->
  <testcase classname="com.Flipkart_selenium_tests.Base_Test" name="@BeforeSuite setExtent" time="0.0">
    <ignored/>
  </testcase> <!-- @BeforeSuite setExtent -->
  <testcase classname="com.Flipkart_selenium_tests.Base_Test" name="@BeforeSuite setExtent" time="0.0">
    <ignored/>
  </testcase> <!-- @BeforeSuite setExtent -->
  <testcase classname="com.Flipkart_selenium_tests.Base_Test" name="@BeforeSuite setExtent" time="0.0">
    <ignored/>
  </testcase> <!-- @BeforeSuite setExtent -->
  <testcase classname="com.Flipkart_selenium_tests.Base_Test" name="@BeforeSuite setExtent" time="0.0">
    <ignored/>
  </testcase> <!-- @BeforeSuite setExtent -->
  <testcase classname="com.Flipkart_selenium_tests.Base_Test" name="@BeforeSuite setExtent" time="0.0">
    <ignored/>
  </testcase> <!-- @BeforeSuite setExtent -->
</testsuite> <!-- Test -->
