<?xml version="1.0" encoding="UTF-8"?>
<testng-results ignored="10" total="31" passed="20" failed="1" skipped="0">
  <reporter-output>
  </reporter-output>
  <suite started-at="2022-07-14T22:34:24 IST" name="Suite" finished-at="2022-07-14T22:38:31 IST" duration-ms="247044">
    <groups>
      <group name="flight">
        <method signature="Flights_test.FlightTravel()[pri:20, instance:com.Flipkart_selenium_tests.Flights_test@62dae540]" name="FlightTravel" class="com.Flipkart_selenium_tests.Flights_test"/>
      </group> <!-- flight -->
      <group name="more">
        <method signature="MoreOptions_test.NotificationPreference()[pri:18, instance:com.Flipkart_selenium_tests.MoreOptions_test@207ea13]" name="NotificationPreference" class="com.Flipkart_selenium_tests.MoreOptions_test"/>
        <method signature="MoreOptions_test.customercare()[pri:19, instance:com.Flipkart_selenium_tests.MoreOptions_test@207ea13]" name="customercare" class="com.Flipkart_selenium_tests.MoreOptions_test"/>
      </group> <!-- more -->
      <group name="Accandlogin">
        <method signature="Account_test.Grocery()[pri:17, instance:com.Flipkart_selenium_tests.Account_test@4bff1903]" name="Grocery" class="com.Flipkart_selenium_tests.Account_test"/>
        <method signature="Account_test.MobileButton()[pri:15, instance:com.Flipkart_selenium_tests.Account_test@4bff1903]" name="MobileButton" class="com.Flipkart_selenium_tests.Account_test"/>
        <method signature="Account_test.Mychats()[pri:14, instance:com.Flipkart_selenium_tests.Account_test@4bff1903]" name="Mychats" class="com.Flipkart_selenium_tests.Account_test"/>
        <method signature="Account_test.SuperCoin()[pri:16, instance:com.Flipkart_selenium_tests.Account_test@4bff1903]" name="SuperCoin" class="com.Flipkart_selenium_tests.Account_test"/>
        <method signature="Account_test.Wishlist()[pri:13, instance:com.Flipkart_selenium_tests.Account_test@4bff1903]" name="Wishlist" class="com.Flipkart_selenium_tests.Account_test"/>
        <method signature="Home_test.Cart()[pri:11, instance:com.Flipkart_selenium_tests.Home_test@2ece4966]" name="Cart" class="com.Flipkart_selenium_tests.Home_test"/>
        <method signature="Home_test.Payment()[pri:12, instance:com.Flipkart_selenium_tests.Home_test@2ece4966]" name="Payment" class="com.Flipkart_selenium_tests.Home_test"/>
      </group> <!-- Accandlogin -->
      <group name="login">
        <method signature="Home_test.Cart()[pri:11, instance:com.Flipkart_selenium_tests.Home_test@2ece4966]" name="Cart" class="com.Flipkart_selenium_tests.Home_test"/>
        <method signature="Home_test.Logo()[pri:4, instance:com.Flipkart_selenium_tests.Home_test@2ece4966]" name="Logo" class="com.Flipkart_selenium_tests.Home_test"/>
        <method signature="Home_test.Payment()[pri:12, instance:com.Flipkart_selenium_tests.Home_test@2ece4966]" name="Payment" class="com.Flipkart_selenium_tests.Home_test"/>
        <method signature="Home_test.ship()[pri:5, instance:com.Flipkart_selenium_tests.Home_test@2ece4966]" name="ship" class="com.Flipkart_selenium_tests.Home_test"/>
        <method signature="Login_test.Invalid_Login()[pri:1, instance:com.Flipkart_selenium_tests.Login_test@654d8173]" name="Invalid_Login" class="com.Flipkart_selenium_tests.Login_test"/>
        <method signature="Login_test.Login()[pri:0, instance:com.Flipkart_selenium_tests.Login_test@654d8173]" name="Login" class="com.Flipkart_selenium_tests.Login_test"/>
        <method signature="Login_test.Logout()[pri:3, instance:com.Flipkart_selenium_tests.Login_test@654d8173]" name="Logout" class="com.Flipkart_selenium_tests.Login_test"/>
        <method signature="Login_test.Otp_Login_button()[pri:2, instance:com.Flipkart_selenium_tests.Login_test@654d8173]" name="Otp_Login_button" class="com.Flipkart_selenium_tests.Login_test"/>
      </group> <!-- login -->
      <group name="Home">
        <method signature="Home_test.Logo()[pri:4, instance:com.Flipkart_selenium_tests.Home_test@2ece4966]" name="Logo" class="com.Flipkart_selenium_tests.Home_test"/>
        <method signature="Home_test.Seller_Register()[pri:10, instance:com.Flipkart_selenium_tests.Home_test@2ece4966]" name="Seller_Register" class="com.Flipkart_selenium_tests.Home_test"/>
        <method signature="Home_test.cross_login_box()[pri:6, instance:com.Flipkart_selenium_tests.Home_test@2ece4966]" name="cross_login_box" class="com.Flipkart_selenium_tests.Home_test"/>
        <method signature="Home_test.ship()[pri:5, instance:com.Flipkart_selenium_tests.Home_test@2ece4966]" name="ship" class="com.Flipkart_selenium_tests.Home_test"/>
        <method signature="Home_test.wholesale()[pri:9, instance:com.Flipkart_selenium_tests.Home_test@2ece4966]" name="wholesale" class="com.Flipkart_selenium_tests.Home_test"/>
      </group> <!-- Home -->
    </groups>
    <test started-at="2022-07-14T22:34:24 IST" name="Test" finished-at="2022-07-14T22:38:31 IST" duration-ms="247044">
      <class name="com.Flipkart_selenium_tests.Home_test">
        <test-method is-config="true" signature="setExtent()[pri:0, instance:com.Flipkart_selenium_tests.Home_test@2ece4966]" started-at="2022-07-14T22:34:23 IST" name="setExtent" finished-at="2022-07-14T22:34:24 IST" duration-ms="71" status="PASS">
          <reporter-output>
          </reporter-output>
        </test-method> <!-- setExtent -->
        <test-method is-config="true" signature="initializeDriver()[pri:0, instance:com.Flipkart_selenium_tests.Home_test@2ece4966]" started-at="2022-07-14T22:34:24 IST" name="initializeDriver" finished-at="2022-07-14T22:34:26 IST" duration-ms="2224" status="PASS">
          <reporter-output>
          </reporter-output>
        </test-method> <!-- initializeDriver -->
        <test-method is-config="true" signature="openUrl()[pri:0, instance:com.Flipkart_selenium_tests.Home_test@2ece4966]" started-at="2022-07-14T22:34:26 IST" name="openUrl" finished-at="2022-07-14T22:34:28 IST" duration-ms="1748" status="PASS">
          <reporter-output>
          </reporter-output>
        </test-method> <!-- openUrl -->
        <test-method is-config="true" signature="startTest(java.lang.reflect.Method)[pri:0, instance:com.Flipkart_selenium_tests.Home_test@2ece4966]" started-at="2022-07-14T22:34:28 IST" name="startTest" finished-at="2022-07-14T22:34:28 IST" duration-ms="4" status="PASS">
          <params>
            <param index="0">
              <value>
                <![CDATA[public void com.Flipkart_selenium_tests.Home_test.Logo()]]>
              </value>
            </param>
          </params>
          <reporter-output>
          </reporter-output>
        </test-method> <!-- startTest -->
        <test-method signature="Logo()[pri:4, instance:com.Flipkart_selenium_tests.Home_test@2ece4966]" started-at="2022-07-14T22:34:28 IST" name="Logo" finished-at="2022-07-14T22:34:28 IST" duration-ms="234" status="PASS">
          <reporter-output>
          </reporter-output>
        </test-method> <!-- Logo -->
        <test-method is-config="true" signature="ResultTest(org.testng.ITestResult)[pri:0, instance:com.Flipkart_selenium_tests.Home_test@2ece4966]" started-at="2022-07-14T22:34:28 IST" name="ResultTest" finished-at="2022-07-14T22:34:28 IST" duration-ms="4" status="PASS">
          <params>
            <param index="0">
              <value>
                <![CDATA[[TestResult name=Logo status=SUCCESS method=Home_test.Logo()[pri:4, instance:com.Flipkart_selenium_tests.Home_test@2ece4966] output={null}]]]>
              </value>
            </param>
          </params>
          <reporter-output>
          </reporter-output>
        </test-method> <!-- ResultTest -->
        <test-method is-config="true" signature="testClose()[pri:0, instance:com.Flipkart_selenium_tests.Home_test@2ece4966]" started-at="2022-07-14T22:34:28 IST" name="testClose" finished-at="2022-07-14T22:34:28 IST" duration-ms="623" status="PASS">
          <reporter-output>
          </reporter-output>
        </test-method> <!-- testClose -->
        <test-method is-config="true" signature="initializeDriver()[pri:0, instance:com.Flipkart_selenium_tests.Home_test@2ece4966]" started-at="2022-07-14T22:34:28 IST" name="initializeDriver" finished-at="2022-07-14T22:34:30 IST" duration-ms="1221" status="PASS">
          <reporter-output>
          </reporter-output>
        </test-method> <!-- initializeDriver -->
        <test-method is-config="true" signature="openUrl()[pri:0, instance:com.Flipkart_selenium_tests.Home_test@2ece4966]" started-at="2022-07-14T22:34:30 IST" name="openUrl" finished-at="2022-07-14T22:35:14 IST" duration-ms="44625" status="PASS">
          <reporter-output>
          </reporter-output>
        </test-method> <!-- openUrl -->
        <test-method is-config="true" signature="startTest(java.lang.reflect.Method)[pri:0, instance:com.Flipkart_selenium_tests.Home_test@2ece4966]" started-at="2022-07-14T22:35:14 IST" name="startTest" finished-at="2022-07-14T22:35:14 IST" duration-ms="0" status="PASS">
          <params>
            <param index="0">
              <value>
                <![CDATA[public void com.Flipkart_selenium_tests.Home_test.ship() throws java.lang.InterruptedException]]>
              </value>
            </param>
          </params>
          <reporter-output>
          </reporter-output>
        </test-method> <!-- startTest -->
        <test-method signature="ship()[pri:5, instance:com.Flipkart_selenium_tests.Home_test@2ece4966]" started-at="2022-07-14T22:35:14 IST" name="ship" finished-at="2022-07-14T22:35:37 IST" duration-ms="23117" status="FAIL">
          <exception class="org.openqa.selenium.StaleElementReferenceException">
            <message>
              <![CDATA[stale element reference: element is not attached to the page document
  (Session info: chrome=103.0.5060.114)
For documentation on this error, please visit: https://selenium.dev/exceptions/#stale_element_reference
Build info: version: '4.1.2', revision: '9a5a329c5a'
System info: host: 'IN-4ZY72J3', ip: '192.168.0.195', os.name: 'Windows 10', os.arch: 'amd64', os.version: '10.0', java.version: '11.0.5'
Driver info: org.openqa.selenium.chrome.ChromeDriver
Command: [3c1ef4c27a4107f3b57fa19afe4ea3b3, clickElement {id=b5c75cbf-05cf-4e5b-8141-d937ff17299b}]
Capabilities {acceptInsecureCerts: false, browserName: chrome, browserVersion: 103.0.5060.114, chrome: {chromedriverVersion: 103.0.5060.53 (a1711811edd7..., userDataDir: C:\Users\nishant\AppData\Lo...}, goog:chromeOptions: {debuggerAddress: localhost:51113}, javascriptEnabled: true, networkConnectionEnabled: false, pageLoadStrategy: normal, platform: WINDOWS, platformName: WINDOWS, proxy: Proxy(), se:cdp: ws://localhost:51113/devtoo..., se:cdpVersion: 103.0.5060.114, setWindowRect: true, strictFileInteractability: false, timeouts: {implicit: 0, pageLoad: 300000, script: 30000}, unhandledPromptBehavior: dismiss and notify, webauthn:extension:credBlob: true, webauthn:extension:largeBlob: true, webauthn:virtualAuthenticators: true}
Element: [[ChromeDriver: chrome on WINDOWS (3c1ef4c27a4107f3b57fa19afe4ea3b3)] -> xpath: //a[normalize-space()='Shipping']]
Session ID: 3c1ef4c27a4107f3b57fa19afe4ea3b3]]>
            </message>
            <full-stacktrace>
              <![CDATA[org.openqa.selenium.StaleElementReferenceException: stale element reference: element is not attached to the page document
  (Session info: chrome=103.0.5060.114)
For documentation on this error, please visit: https://selenium.dev/exceptions/#stale_element_reference
Build info: version: '4.1.2', revision: '9a5a329c5a'
System info: host: 'IN-4ZY72J3', ip: '192.168.0.195', os.name: 'Windows 10', os.arch: 'amd64', os.version: '10.0', java.version: '11.0.5'
Driver info: org.openqa.selenium.chrome.ChromeDriver
Command: [3c1ef4c27a4107f3b57fa19afe4ea3b3, clickElement {id=b5c75cbf-05cf-4e5b-8141-d937ff17299b}]
Capabilities {acceptInsecureCerts: false, browserName: chrome, browserVersion: 103.0.5060.114, chrome: {chromedriverVersion: 103.0.5060.53 (a1711811edd7..., userDataDir: C:\Users\nishant\AppData\Lo...}, goog:chromeOptions: {debuggerAddress: localhost:51113}, javascriptEnabled: true, networkConnectionEnabled: false, pageLoadStrategy: normal, platform: WINDOWS, platformName: WINDOWS, proxy: Proxy(), se:cdp: ws://localhost:51113/devtoo..., se:cdpVersion: 103.0.5060.114, setWindowRect: true, strictFileInteractability: false, timeouts: {implicit: 0, pageLoad: 300000, script: 30000}, unhandledPromptBehavior: dismiss and notify, webauthn:extension:credBlob: true, webauthn:extension:largeBlob: true, webauthn:virtualAuthenticators: true}
Element: [[ChromeDriver: chrome on WINDOWS (3c1ef4c27a4107f3b57fa19afe4ea3b3)] -> xpath: //a[normalize-space()='Shipping']]
Session ID: 3c1ef4c27a4107f3b57fa19afe4ea3b3
at java.base/jdk.internal.reflect.NativeConstructorAccessorImpl.newInstance0(Native Method)
at java.base/jdk.internal.reflect.NativeConstructorAccessorImpl.newInstance(NativeConstructorAccessorImpl.java:62)
at java.base/jdk.internal.reflect.DelegatingConstructorAccessorImpl.newInstance(DelegatingConstructorAccessorImpl.java:45)
at java.base/java.lang.reflect.Constructor.newInstance(Constructor.java:490)
at org.openqa.selenium.remote.codec.w3c.W3CHttpResponseCodec.createException(W3CHttpResponseCodec.java:200)
at org.openqa.selenium.remote.codec.w3c.W3CHttpResponseCodec.decode(W3CHttpResponseCodec.java:133)
at org.openqa.selenium.remote.codec.w3c.W3CHttpResponseCodec.decode(W3CHttpResponseCodec.java:53)
at org.openqa.selenium.remote.HttpCommandExecutor.execute(HttpCommandExecutor.java:184)
at org.openqa.selenium.remote.service.DriverCommandExecutor.invokeExecute(DriverCommandExecutor.java:167)
at org.openqa.selenium.remote.service.DriverCommandExecutor.execute(DriverCommandExecutor.java:142)
at org.openqa.selenium.remote.RemoteWebDriver.execute(RemoteWebDriver.java:558)
at org.openqa.selenium.remote.RemoteWebElement.execute(RemoteWebElement.java:251)
at org.openqa.selenium.remote.RemoteWebElement.click(RemoteWebElement.java:77)
at java.base/jdk.internal.reflect.NativeMethodAccessorImpl.invoke0(Native Method)
at java.base/jdk.internal.reflect.NativeMethodAccessorImpl.invoke(NativeMethodAccessorImpl.java:62)
at java.base/jdk.internal.reflect.DelegatingMethodAccessorImpl.invoke(DelegatingMethodAccessorImpl.java:43)
at java.base/java.lang.reflect.Method.invoke(Method.java:566)
at org.openqa.selenium.support.pagefactory.internal.LocatingElementHandler.invoke(LocatingElementHandler.java:52)
at com.sun.proxy.$Proxy19.click(Unknown Source)
at com.Flipkart_selenium_pages.Home_page.ship(Home_page.java:76)
at com.Flipkart_selenium_tests.Home_test.ship(Home_test.java:72)
at java.base/jdk.internal.reflect.NativeMethodAccessorImpl.invoke0(Native Method)
at java.base/jdk.internal.reflect.NativeMethodAccessorImpl.invoke(NativeMethodAccessorImpl.java:62)
at java.base/jdk.internal.reflect.DelegatingMethodAccessorImpl.invoke(DelegatingMethodAccessorImpl.java:43)
at java.base/java.lang.reflect.Method.invoke(Method.java:566)
at org.testng.internal.MethodInvocationHelper.invokeMethod(MethodInvocationHelper.java:133)
at org.testng.internal.TestInvoker.invokeMethod(TestInvoker.java:598)
at org.testng.internal.TestInvoker.invokeTestMethod(TestInvoker.java:173)
at org.testng.internal.MethodRunner.runInSequence(MethodRunner.java:46)
at org.testng.internal.TestInvoker$MethodInvocationAgent.invoke(TestInvoker.java:824)
at org.testng.internal.TestInvoker.invokeTestMethods(TestInvoker.java:146)
at org.testng.internal.TestMethodWorker.invokeTestMethods(TestMethodWorker.java:146)
at org.testng.internal.TestMethodWorker.run(TestMethodWorker.java:128)
at java.base/java.util.ArrayList.forEach(ArrayList.java:1540)
at org.testng.TestRunner.privateRun(TestRunner.java:794)
at org.testng.TestRunner.run(TestRunner.java:596)
at org.testng.SuiteRunner.runTest(SuiteRunner.java:377)
at org.testng.SuiteRunner.runSequentially(SuiteRunner.java:371)
at org.testng.SuiteRunner.privateRun(SuiteRunner.java:332)
at org.testng.SuiteRunner.run(SuiteRunner.java:276)
at org.testng.SuiteRunnerWorker.runSuite(SuiteRunnerWorker.java:53)
at org.testng.SuiteRunnerWorker.run(SuiteRunnerWorker.java:96)
at org.testng.TestNG.runSuitesSequentially(TestNG.java:1212)
at org.testng.TestNG.runSuitesLocally(TestNG.java:1134)
at org.testng.TestNG.runSuites(TestNG.java:1063)
at org.testng.TestNG.run(TestNG.java:1031)
at org.testng.remote.AbstractRemoteTestNG.run(AbstractRemoteTestNG.java:115)
at org.testng.remote.RemoteTestNG.initAndRun(RemoteTestNG.java:251)
at org.testng.remote.RemoteTestNG.main(RemoteTestNG.java:77)
]]>
            </full-stacktrace>
          </exception> <!-- org.openqa.selenium.StaleElementReferenceException -->
          <reporter-output>
          </reporter-output>
        </test-method> <!-- ship -->
        <test-method is-config="true" signature="ResultTest(org.testng.ITestResult)[pri:0, instance:com.Flipkart_selenium_tests.Home_test@2ece4966]" started-at="2022-07-14T22:35:37 IST" name="ResultTest" finished-at="2022-07-14T22:35:38 IST" duration-ms="655" status="PASS">
          <params>
            <param index="0">
              <value>
                <![CDATA[[TestResult name=ship status=FAILURE method=Home_test.ship()[pri:5, instance:com.Flipkart_selenium_tests.Home_test@2ece4966] output={null}]]]>
              </value>
            </param>
          </params>
          <reporter-output>
          </reporter-output>
        </test-method> <!-- ResultTest -->
        <test-method is-config="true" signature="testClose()[pri:0, instance:com.Flipkart_selenium_tests.Home_test@2ece4966]" started-at="2022-07-14T22:35:38 IST" name="testClose" finished-at="2022-07-14T22:35:39 IST" duration-ms="645" status="PASS">
          <reporter-output>
          </reporter-output>
        </test-method> <!-- testClose -->
        <test-method is-config="true" signature="initializeDriver()[pri:0, instance:com.Flipkart_selenium_tests.Home_test@2ece4966]" started-at="2022-07-14T22:35:39 IST" name="initializeDriver" finished-at="2022-07-14T22:35:40 IST" duration-ms="1193" status="PASS">
          <reporter-output>
          </reporter-output>
        </test-method> <!-- initializeDriver -->
        <test-method is-config="true" signature="openUrl()[pri:0, instance:com.Flipkart_selenium_tests.Home_test@2ece4966]" started-at="2022-07-14T22:35:40 IST" name="openUrl" finished-at="2022-07-14T22:35:42 IST" duration-ms="1851" status="PASS">
          <reporter-output>
          </reporter-output>
        </test-method> <!-- openUrl -->
        <test-method is-config="true" signature="startTest(java.lang.reflect.Method)[pri:0, instance:com.Flipkart_selenium_tests.Home_test@2ece4966]" started-at="2022-07-14T22:35:42 IST" name="startTest" finished-at="2022-07-14T22:35:42 IST" duration-ms="1" status="PASS">
          <params>
            <param index="0">
              <value>
                <![CDATA[public void com.Flipkart_selenium_tests.Home_test.cross_login_box()]]>
              </value>
            </param>
          </params>
          <reporter-output>
          </reporter-output>
        </test-method> <!-- startTest -->
        <test-method signature="cross_login_box()[pri:6, instance:com.Flipkart_selenium_tests.Home_test@2ece4966]" started-at="2022-07-14T22:35:42 IST" name="cross_login_box" finished-at="2022-07-14T22:35:42 IST" duration-ms="110" status="PASS">
          <reporter-output>
          </reporter-output>
        </test-method> <!-- cross_login_box -->
        <test-method is-config="true" signature="testClose()[pri:0, instance:com.Flipkart_selenium_tests.Home_test@2ece4966]" started-at="2022-07-14T22:35:42 IST" name="testClose" finished-at="2022-07-14T22:35:42 IST" duration-ms="642" status="PASS">
          <reporter-output>
          </reporter-output>
        </test-method> <!-- testClose -->
        <test-method is-config="true" signature="ResultTest(org.testng.ITestResult)[pri:0, instance:com.Flipkart_selenium_tests.Home_test@2ece4966]" started-at="2022-07-14T22:35:42 IST" name="ResultTest" finished-at="2022-07-14T22:35:42 IST" duration-ms="0" status="PASS">
          <params>
            <param index="0">
              <value>
                <![CDATA[[TestResult name=cross_login_box status=SUCCESS method=Home_test.cross_login_box()[pri:6, instance:com.Flipkart_selenium_tests.Home_test@2ece4966] output={null}]]]>
              </value>
            </param>
          </params>
          <reporter-output>
          </reporter-output>
        </test-method> <!-- ResultTest -->
        <test-method is-config="true" signature="initializeDriver()[pri:0, instance:com.Flipkart_selenium_tests.Home_test@2ece4966]" started-at="2022-07-14T22:35:42 IST" name="initializeDriver" finished-at="2022-07-14T22:35:44 IST" duration-ms="1210" status="PASS">
          <reporter-output>
          </reporter-output>
        </test-method> <!-- initializeDriver -->
        <test-method is-config="true" signature="openUrl()[pri:0, instance:com.Flipkart_selenium_tests.Home_test@2ece4966]" started-at="2022-07-14T22:35:44 IST" name="openUrl" finished-at="2022-07-14T22:35:46 IST" duration-ms="2043" status="PASS">
          <reporter-output>
          </reporter-output>
        </test-method> <!-- openUrl -->
        <test-method is-config="true" signature="startTest(java.lang.reflect.Method)[pri:0, instance:com.Flipkart_selenium_tests.Home_test@2ece4966]" started-at="2022-07-14T22:35:46 IST" name="startTest" finished-at="2022-07-14T22:35:46 IST" duration-ms="1" status="PASS">
          <params>
            <param index="0">
              <value>
                <![CDATA[public void com.Flipkart_selenium_tests.Home_test.search()]]>
              </value>
            </param>
          </params>
          <reporter-output>
          </reporter-output>
        </test-method> <!-- startTest -->
        <test-method signature="search()[pri:7, instance:com.Flipkart_selenium_tests.Home_test@2ece4966]" started-at="2022-07-14T22:35:46 IST" name="search" finished-at="2022-07-14T22:35:47 IST" duration-ms="851" status="PASS">
          <reporter-output>
          </reporter-output>
        </test-method> <!-- search -->
        <test-method is-config="true" signature="ResultTest(org.testng.ITestResult)[pri:0, instance:com.Flipkart_selenium_tests.Home_test@2ece4966]" started-at="2022-07-14T22:35:47 IST" name="ResultTest" finished-at="2022-07-14T22:35:47 IST" duration-ms="1" status="PASS">
          <params>
            <param index="0">
              <value>
                <![CDATA[[TestResult name=search status=SUCCESS method=Home_test.search()[pri:7, instance:com.Flipkart_selenium_tests.Home_test@2ece4966] output={null}]]]>
              </value>
            </param>
          </params>
          <reporter-output>
          </reporter-output>
        </test-method> <!-- ResultTest -->
        <test-method is-config="true" signature="testClose()[pri:0, instance:com.Flipkart_selenium_tests.Home_test@2ece4966]" started-at="2022-07-14T22:35:47 IST" name="testClose" finished-at="2022-07-14T22:35:47 IST" duration-ms="620" status="PASS">
          <reporter-output>
          </reporter-output>
        </test-method> <!-- testClose -->
        <test-method is-config="true" signature="initializeDriver()[pri:0, instance:com.Flipkart_selenium_tests.Home_test@2ece4966]" started-at="2022-07-14T22:35:47 IST" name="initializeDriver" finished-at="2022-07-14T22:35:48 IST" duration-ms="1194" status="PASS">
          <reporter-output>
          </reporter-output>
        </test-method> <!-- initializeDriver -->
        <test-method is-config="true" signature="openUrl()[pri:0, instance:com.Flipkart_selenium_tests.Home_test@2ece4966]" started-at="2022-07-14T22:35:48 IST" name="openUrl" finished-at="2022-07-14T22:35:51 IST" duration-ms="2532" status="PASS">
          <reporter-output>
          </reporter-output>
        </test-method> <!-- openUrl -->
        <test-method is-config="true" signature="startTest(java.lang.reflect.Method)[pri:0, instance:com.Flipkart_selenium_tests.Home_test@2ece4966]" started-at="2022-07-14T22:35:51 IST" name="startTest" finished-at="2022-07-14T22:35:51 IST" duration-ms="0" status="PASS">
          <params>
            <param index="0">
              <value>
                <![CDATA[public void com.Flipkart_selenium_tests.Home_test.sort_by_popularity() throws java.lang.InterruptedException]]>
              </value>
            </param>
          </params>
          <reporter-output>
          </reporter-output>
        </test-method> <!-- startTest -->
        <test-method signature="sort_by_popularity()[pri:8, instance:com.Flipkart_selenium_tests.Home_test@2ece4966]" started-at="2022-07-14T22:35:51 IST" name="sort_by_popularity" finished-at="2022-07-14T22:35:55 IST" duration-ms="4306" status="PASS">
          <reporter-output>
          </reporter-output>
        </test-method> <!-- sort_by_popularity -->
        <test-method is-config="true" signature="ResultTest(org.testng.ITestResult)[pri:0, instance:com.Flipkart_selenium_tests.Home_test@2ece4966]" started-at="2022-07-14T22:35:55 IST" name="ResultTest" finished-at="2022-07-14T22:35:55 IST" duration-ms="1" status="PASS">
          <params>
            <param index="0">
              <value>
                <![CDATA[[TestResult name=sort_by_popularity status=SUCCESS method=Home_test.sort_by_popularity()[pri:8, instance:com.Flipkart_selenium_tests.Home_test@2ece4966] output={null}]]]>
              </value>
            </param>
          </params>
          <reporter-output>
          </reporter-output>
        </test-method> <!-- ResultTest -->
        <test-method is-config="true" signature="testClose()[pri:0, instance:com.Flipkart_selenium_tests.Home_test@2ece4966]" started-at="2022-07-14T22:35:55 IST" name="testClose" finished-at="2022-07-14T22:35:56 IST" duration-ms="641" status="PASS">
          <reporter-output>
          </reporter-output>
        </test-method> <!-- testClose -->
        <test-method is-config="true" signature="initializeDriver()[pri:0, instance:com.Flipkart_selenium_tests.Home_test@2ece4966]" started-at="2022-07-14T22:35:56 IST" name="initializeDriver" finished-at="2022-07-14T22:35:57 IST" duration-ms="1244" status="PASS">
          <reporter-output>
          </reporter-output>
        </test-method> <!-- initializeDriver -->
        <test-method is-config="true" signature="openUrl()[pri:0, instance:com.Flipkart_selenium_tests.Home_test@2ece4966]" started-at="2022-07-14T22:35:57 IST" name="openUrl" finished-at="2022-07-14T22:35:59 IST" duration-ms="1793" status="PASS">
          <reporter-output>
          </reporter-output>
        </test-method> <!-- openUrl -->
        <test-method is-config="true" signature="startTest(java.lang.reflect.Method)[pri:0, instance:com.Flipkart_selenium_tests.Home_test@2ece4966]" started-at="2022-07-14T22:35:59 IST" name="startTest" finished-at="2022-07-14T22:35:59 IST" duration-ms="0" status="PASS">
          <params>
            <param index="0">
              <value>
                <![CDATA[public void com.Flipkart_selenium_tests.Home_test.wholesale() throws java.lang.InterruptedException]]>
              </value>
            </param>
          </params>
          <reporter-output>
          </reporter-output>
        </test-method> <!-- startTest -->
        <test-method signature="wholesale()[pri:9, instance:com.Flipkart_selenium_tests.Home_test@2ece4966]" started-at="2022-07-14T22:35:59 IST" name="wholesale" finished-at="2022-07-14T22:36:03 IST" duration-ms="3773" status="PASS">
          <reporter-output>
          </reporter-output>
        </test-method> <!-- wholesale -->
        <test-method is-config="true" signature="ResultTest(org.testng.ITestResult)[pri:0, instance:com.Flipkart_selenium_tests.Home_test@2ece4966]" started-at="2022-07-14T22:36:03 IST" name="ResultTest" finished-at="2022-07-14T22:36:03 IST" duration-ms="0" status="PASS">
          <params>
            <param index="0">
              <value>
                <![CDATA[[TestResult name=wholesale status=SUCCESS method=Home_test.wholesale()[pri:9, instance:com.Flipkart_selenium_tests.Home_test@2ece4966] output={null}]]]>
              </value>
            </param>
          </params>
          <reporter-output>
          </reporter-output>
        </test-method> <!-- ResultTest -->
        <test-method is-config="true" signature="testClose()[pri:0, instance:com.Flipkart_selenium_tests.Home_test@2ece4966]" started-at="2022-07-14T22:36:03 IST" name="testClose" finished-at="2022-07-14T22:36:03 IST" duration-ms="625" status="PASS">
          <reporter-output>
          </reporter-output>
        </test-method> <!-- testClose -->
        <test-method is-config="true" signature="initializeDriver()[pri:0, instance:com.Flipkart_selenium_tests.Home_test@2ece4966]" started-at="2022-07-14T22:36:03 IST" name="initializeDriver" finished-at="2022-07-14T22:36:05 IST" duration-ms="1222" status="PASS">
          <reporter-output>
          </reporter-output>
        </test-method> <!-- initializeDriver -->
        <test-method is-config="true" signature="openUrl()[pri:0, instance:com.Flipkart_selenium_tests.Home_test@2ece4966]" started-at="2022-07-14T22:36:05 IST" name="openUrl" finished-at="2022-07-14T22:36:07 IST" duration-ms="2395" status="PASS">
          <reporter-output>
          </reporter-output>
        </test-method> <!-- openUrl -->
        <test-method is-config="true" signature="startTest(java.lang.reflect.Method)[pri:0, instance:com.Flipkart_selenium_tests.Home_test@2ece4966]" started-at="2022-07-14T22:36:07 IST" name="startTest" finished-at="2022-07-14T22:36:07 IST" duration-ms="0" status="PASS">
          <params>
            <param index="0">
              <value>
                <![CDATA[public void com.Flipkart_selenium_tests.Home_test.Seller_Register() throws java.lang.InterruptedException]]>
              </value>
            </param>
          </params>
          <reporter-output>
          </reporter-output>
        </test-method> <!-- startTest -->
        <test-method signature="Seller_Register()[pri:10, instance:com.Flipkart_selenium_tests.Home_test@2ece4966]" started-at="2022-07-14T22:36:07 IST" name="Seller_Register" finished-at="2022-07-14T22:36:13 IST" duration-ms="5750" status="PASS">
          <reporter-output>
          </reporter-output>
        </test-method> <!-- Seller_Register -->
        <test-method is-config="true" signature="ResultTest(org.testng.ITestResult)[pri:0, instance:com.Flipkart_selenium_tests.Home_test@2ece4966]" started-at="2022-07-14T22:36:13 IST" name="ResultTest" finished-at="2022-07-14T22:36:13 IST" duration-ms="1" status="PASS">
          <params>
            <param index="0">
              <value>
                <![CDATA[[TestResult name=Seller_Register status=SUCCESS method=Home_test.Seller_Register()[pri:10, instance:com.Flipkart_selenium_tests.Home_test@2ece4966] output={null}]]]>
              </value>
            </param>
          </params>
          <reporter-output>
          </reporter-output>
        </test-method> <!-- ResultTest -->
        <test-method is-config="true" signature="testClose()[pri:0, instance:com.Flipkart_selenium_tests.Home_test@2ece4966]" started-at="2022-07-14T22:36:13 IST" name="testClose" finished-at="2022-07-14T22:36:13 IST" duration-ms="653" status="PASS">
          <reporter-output>
          </reporter-output>
        </test-method> <!-- testClose -->
        <test-method is-config="true" signature="initializeDriver()[pri:0, instance:com.Flipkart_selenium_tests.Home_test@2ece4966]" started-at="2022-07-14T22:36:13 IST" name="initializeDriver" finished-at="2022-07-14T22:36:14 IST" duration-ms="1186" status="PASS">
          <reporter-output>
          </reporter-output>
        </test-method> <!-- initializeDriver -->
        <test-method is-config="true" signature="openUrl()[pri:0, instance:com.Flipkart_selenium_tests.Home_test@2ece4966]" started-at="2022-07-14T22:36:14 IST" name="openUrl" finished-at="2022-07-14T22:36:17 IST" duration-ms="2378" status="PASS">
          <reporter-output>
          </reporter-output>
        </test-method> <!-- openUrl -->
        <test-method is-config="true" signature="startTest(java.lang.reflect.Method)[pri:0, instance:com.Flipkart_selenium_tests.Home_test@2ece4966]" started-at="2022-07-14T22:36:17 IST" name="startTest" finished-at="2022-07-14T22:36:17 IST" duration-ms="1" status="PASS">
          <params>
            <param index="0">
              <value>
                <![CDATA[public void com.Flipkart_selenium_tests.Home_test.Cart() throws java.lang.InterruptedException]]>
              </value>
            </param>
          </params>
          <reporter-output>
          </reporter-output>
        </test-method> <!-- startTest -->
        <test-method signature="Cart()[pri:11, instance:com.Flipkart_selenium_tests.Home_test@2ece4966]" started-at="2022-07-14T22:36:17 IST" name="Cart" finished-at="2022-07-14T22:36:23 IST" duration-ms="6428" status="PASS">
          <reporter-output>
          </reporter-output>
        </test-method> <!-- Cart -->
        <test-method is-config="true" signature="ResultTest(org.testng.ITestResult)[pri:0, instance:com.Flipkart_selenium_tests.Home_test@2ece4966]" started-at="2022-07-14T22:36:23 IST" name="ResultTest" finished-at="2022-07-14T22:36:23 IST" duration-ms="1" status="PASS">
          <params>
            <param index="0">
              <value>
                <![CDATA[[TestResult name=Cart status=SUCCESS method=Home_test.Cart()[pri:11, instance:com.Flipkart_selenium_tests.Home_test@2ece4966] output={null}]]]>
              </value>
            </param>
          </params>
          <reporter-output>
          </reporter-output>
        </test-method> <!-- ResultTest -->
        <test-method is-config="true" signature="testClose()[pri:0, instance:com.Flipkart_selenium_tests.Home_test@2ece4966]" started-at="2022-07-14T22:36:23 IST" name="testClose" finished-at="2022-07-14T22:36:24 IST" duration-ms="607" status="PASS">
          <reporter-output>
          </reporter-output>
        </test-method> <!-- testClose -->
        <test-method is-config="true" signature="initializeDriver()[pri:0, instance:com.Flipkart_selenium_tests.Home_test@2ece4966]" started-at="2022-07-14T22:36:24 IST" name="initializeDriver" finished-at="2022-07-14T22:36:25 IST" duration-ms="1151" status="PASS">
          <reporter-output>
          </reporter-output>
        </test-method> <!-- initializeDriver -->
        <test-method is-config="true" signature="openUrl()[pri:0, instance:com.Flipkart_selenium_tests.Home_test@2ece4966]" started-at="2022-07-14T22:36:25 IST" name="openUrl" finished-at="2022-07-14T22:36:27 IST" duration-ms="1811" status="PASS">
          <reporter-output>
          </reporter-output>
        </test-method> <!-- openUrl -->
        <test-method is-config="true" signature="startTest(java.lang.reflect.Method)[pri:0, instance:com.Flipkart_selenium_tests.Home_test@2ece4966]" started-at="2022-07-14T22:36:27 IST" name="startTest" finished-at="2022-07-14T22:36:27 IST" duration-ms="1" status="PASS">
          <params>
            <param index="0">
              <value>
                <![CDATA[public void com.Flipkart_selenium_tests.Home_test.Payment() throws java.lang.InterruptedException]]>
              </value>
            </param>
          </params>
          <reporter-output>
          </reporter-output>
        </test-method> <!-- startTest -->
        <test-method signature="Payment()[pri:12, instance:com.Flipkart_selenium_tests.Home_test@2ece4966]" started-at="2022-07-14T22:36:27 IST" name="Payment" finished-at="2022-07-14T22:36:32 IST" duration-ms="5573" status="PASS">
          <reporter-output>
          </reporter-output>
        </test-method> <!-- Payment -->
        <test-method is-config="true" signature="ResultTest(org.testng.ITestResult)[pri:0, instance:com.Flipkart_selenium_tests.Home_test@2ece4966]" started-at="2022-07-14T22:36:32 IST" name="ResultTest" finished-at="2022-07-14T22:36:32 IST" duration-ms="0" status="PASS">
          <params>
            <param index="0">
              <value>
                <![CDATA[[TestResult name=Payment status=SUCCESS method=Home_test.Payment()[pri:12, instance:com.Flipkart_selenium_tests.Home_test@2ece4966] output={null}]]]>
              </value>
            </param>
          </params>
          <reporter-output>
          </reporter-output>
        </test-method> <!-- ResultTest -->
        <test-method is-config="true" signature="testClose()[pri:0, instance:com.Flipkart_selenium_tests.Home_test@2ece4966]" started-at="2022-07-14T22:36:32 IST" name="testClose" finished-at="2022-07-14T22:36:33 IST" duration-ms="629" status="PASS">
          <reporter-output>
          </reporter-output>
        </test-method> <!-- testClose -->
        <test-method is-config="true" signature="endReport()[pri:0, instance:com.Flipkart_selenium_tests.Home_test@2ece4966]" started-at="2022-07-14T22:38:31 IST" name="endReport" finished-at="2022-07-14T22:38:31 IST" duration-ms="251" status="PASS">
          <reporter-output>
          </reporter-output>
        </test-method> <!-- endReport -->
      </class> <!-- com.Flipkart_selenium_tests.Home_test -->
      <class name="com.Flipkart_selenium_tests.Flights_test">
        <test-method is-config="true" signature="initializeDriver()[pri:0, instance:com.Flipkart_selenium_tests.Flights_test@62dae540]" started-at="2022-07-14T22:37:55 IST" name="initializeDriver" finished-at="2022-07-14T22:37:56 IST" duration-ms="1157" status="PASS">
          <reporter-output>
          </reporter-output>
        </test-method> <!-- initializeDriver -->
        <test-method is-config="true" signature="openUrl()[pri:0, instance:com.Flipkart_selenium_tests.Flights_test@62dae540]" started-at="2022-07-14T22:37:56 IST" name="openUrl" finished-at="2022-07-14T22:37:58 IST" duration-ms="1987" status="PASS">
          <reporter-output>
          </reporter-output>
        </test-method> <!-- openUrl -->
        <test-method is-config="true" signature="startTest(java.lang.reflect.Method)[pri:0, instance:com.Flipkart_selenium_tests.Flights_test@62dae540]" started-at="2022-07-14T22:37:58 IST" name="startTest" finished-at="2022-07-14T22:37:58 IST" duration-ms="1" status="PASS">
          <params>
            <param index="0">
              <value>
                <![CDATA[public void com.Flipkart_selenium_tests.Flights_test.FlightTravel() throws java.lang.InterruptedException]]>
              </value>
            </param>
          </params>
          <reporter-output>
          </reporter-output>
        </test-method> <!-- startTest -->
        <test-method signature="FlightTravel()[pri:20, instance:com.Flipkart_selenium_tests.Flights_test@62dae540]" started-at="2022-07-14T22:37:58 IST" name="FlightTravel" finished-at="2022-07-14T22:38:03 IST" duration-ms="5313" status="PASS">
          <reporter-output>
          </reporter-output>
        </test-method> <!-- FlightTravel -->
        <test-method is-config="true" signature="testClose()[pri:0, instance:com.Flipkart_selenium_tests.Flights_test@62dae540]" started-at="2022-07-14T22:38:03 IST" name="testClose" finished-at="2022-07-14T22:38:04 IST" duration-ms="624" status="PASS">
          <reporter-output>
          </reporter-output>
        </test-method> <!-- testClose -->
        <test-method is-config="true" signature="ResultTest(org.testng.ITestResult)[pri:0, instance:com.Flipkart_selenium_tests.Flights_test@62dae540]" started-at="2022-07-14T22:38:03 IST" name="ResultTest" finished-at="2022-07-14T22:38:03 IST" duration-ms="0" status="PASS">
          <params>
            <param index="0">
              <value>
                <![CDATA[[TestResult name=FlightTravel status=SUCCESS method=Flights_test.FlightTravel()[pri:20, instance:com.Flipkart_selenium_tests.Flights_test@62dae540] output={null}]]]>
              </value>
            </param>
          </params>
          <reporter-output>
          </reporter-output>
        </test-method> <!-- ResultTest -->
      </class> <!-- com.Flipkart_selenium_tests.Flights_test -->
      <class name="com.Flipkart_selenium_tests.MoreOptions_test">
        <test-method is-config="true" signature="initializeDriver()[pri:0, instance:com.Flipkart_selenium_tests.MoreOptions_test@207ea13]" started-at="2022-07-14T22:36:33 IST" name="initializeDriver" finished-at="2022-07-14T22:36:34 IST" duration-ms="1144" status="PASS">
          <reporter-output>
          </reporter-output>
        </test-method> <!-- initializeDriver -->
        <test-method is-config="true" signature="openUrl()[pri:0, instance:com.Flipkart_selenium_tests.MoreOptions_test@207ea13]" started-at="2022-07-14T22:36:34 IST" name="openUrl" finished-at="2022-07-14T22:36:36 IST" duration-ms="1769" status="PASS">
          <reporter-output>
          </reporter-output>
        </test-method> <!-- openUrl -->
        <test-method is-config="true" signature="startTest(java.lang.reflect.Method)[pri:0, instance:com.Flipkart_selenium_tests.MoreOptions_test@207ea13]" started-at="2022-07-14T22:36:36 IST" name="startTest" finished-at="2022-07-14T22:36:36 IST" duration-ms="1" status="PASS">
          <params>
            <param index="0">
              <value>
                <![CDATA[public void com.Flipkart_selenium_tests.MoreOptions_test.NotificationPreference() throws java.lang.InterruptedException]]>
              </value>
            </param>
          </params>
          <reporter-output>
          </reporter-output>
        </test-method> <!-- startTest -->
        <test-method signature="NotificationPreference()[pri:18, instance:com.Flipkart_selenium_tests.MoreOptions_test@207ea13]" started-at="2022-07-14T22:36:36 IST" name="NotificationPreference" finished-at="2022-07-14T22:36:41 IST" duration-ms="4512" status="PASS">
          <reporter-output>
          </reporter-output>
        </test-method> <!-- NotificationPreference -->
        <test-method is-config="true" signature="ResultTest(org.testng.ITestResult)[pri:0, instance:com.Flipkart_selenium_tests.MoreOptions_test@207ea13]" started-at="2022-07-14T22:36:41 IST" name="ResultTest" finished-at="2022-07-14T22:36:41 IST" duration-ms="0" status="PASS">
          <params>
            <param index="0">
              <value>
                <![CDATA[[TestResult name=NotificationPreference status=SUCCESS method=MoreOptions_test.NotificationPreference()[pri:18, instance:com.Flipkart_selenium_tests.MoreOptions_test@207ea13] output={null}]]]>
              </value>
            </param>
          </params>
          <reporter-output>
          </reporter-output>
        </test-method> <!-- ResultTest -->
        <test-method is-config="true" signature="testClose()[pri:0, instance:com.Flipkart_selenium_tests.MoreOptions_test@207ea13]" started-at="2022-07-14T22:36:41 IST" name="testClose" finished-at="2022-07-14T22:36:41 IST" duration-ms="638" status="PASS">
          <reporter-output>
          </reporter-output>
        </test-method> <!-- testClose -->
        <test-method is-config="true" signature="initializeDriver()[pri:0, instance:com.Flipkart_selenium_tests.MoreOptions_test@207ea13]" started-at="2022-07-14T22:36:41 IST" name="initializeDriver" finished-at="2022-07-14T22:36:42 IST" duration-ms="1234" status="PASS">
          <reporter-output>
          </reporter-output>
        </test-method> <!-- initializeDriver -->
        <test-method is-config="true" signature="openUrl()[pri:0, instance:com.Flipkart_selenium_tests.MoreOptions_test@207ea13]" started-at="2022-07-14T22:36:42 IST" name="openUrl" finished-at="2022-07-14T22:36:44 IST" duration-ms="1717" status="PASS">
          <reporter-output>
          </reporter-output>
        </test-method> <!-- openUrl -->
        <test-method is-config="true" signature="startTest(java.lang.reflect.Method)[pri:0, instance:com.Flipkart_selenium_tests.MoreOptions_test@207ea13]" started-at="2022-07-14T22:36:44 IST" name="startTest" finished-at="2022-07-14T22:36:44 IST" duration-ms="1" status="PASS">
          <params>
            <param index="0">
              <value>
                <![CDATA[public void com.Flipkart_selenium_tests.MoreOptions_test.customercare() throws java.lang.InterruptedException]]>
              </value>
            </param>
          </params>
          <reporter-output>
          </reporter-output>
        </test-method> <!-- startTest -->
        <test-method signature="customercare()[pri:19, instance:com.Flipkart_selenium_tests.MoreOptions_test@207ea13]" started-at="2022-07-14T22:36:44 IST" name="customercare" finished-at="2022-07-14T22:36:49 IST" duration-ms="4562" status="PASS">
          <reporter-output>
          </reporter-output>
        </test-method> <!-- customercare -->
        <test-method is-config="true" signature="ResultTest(org.testng.ITestResult)[pri:0, instance:com.Flipkart_selenium_tests.MoreOptions_test@207ea13]" started-at="2022-07-14T22:36:49 IST" name="ResultTest" finished-at="2022-07-14T22:36:49 IST" duration-ms="0" status="PASS">
          <params>
            <param index="0">
              <value>
                <![CDATA[[TestResult name=customercare status=SUCCESS method=MoreOptions_test.customercare()[pri:19, instance:com.Flipkart_selenium_tests.MoreOptions_test@207ea13] output={null}]]]>
              </value>
            </param>
          </params>
          <reporter-output>
          </reporter-output>
        </test-method> <!-- ResultTest -->
        <test-method is-config="true" signature="testClose()[pri:0, instance:com.Flipkart_selenium_tests.MoreOptions_test@207ea13]" started-at="2022-07-14T22:36:49 IST" name="testClose" finished-at="2022-07-14T22:36:49 IST" duration-ms="615" status="PASS">
          <reporter-output>
          </reporter-output>
        </test-method> <!-- testClose -->
      </class> <!-- com.Flipkart_selenium_tests.MoreOptions_test -->
      <class name="com.Flipkart_selenium_tests.Account_test">
        <test-method is-config="true" signature="initializeDriver()[pri:0, instance:com.Flipkart_selenium_tests.Account_test@4bff1903]" started-at="2022-07-14T22:36:49 IST" name="initializeDriver" finished-at="2022-07-14T22:36:50 IST" duration-ms="1140" status="PASS">
          <reporter-output>
          </reporter-output>
        </test-method> <!-- initializeDriver -->
        <test-method is-config="true" signature="openUrl()[pri:0, instance:com.Flipkart_selenium_tests.Account_test@4bff1903]" started-at="2022-07-14T22:36:50 IST" name="openUrl" finished-at="2022-07-14T22:36:52 IST" duration-ms="1769" status="PASS">
          <reporter-output>
          </reporter-output>
        </test-method> <!-- openUrl -->
        <test-method is-config="true" signature="startTest(java.lang.reflect.Method)[pri:0, instance:com.Flipkart_selenium_tests.Account_test@4bff1903]" started-at="2022-07-14T22:36:52 IST" name="startTest" finished-at="2022-07-14T22:36:52 IST" duration-ms="1" status="PASS">
          <params>
            <param index="0">
              <value>
                <![CDATA[public void com.Flipkart_selenium_tests.Account_test.Wishlist() throws java.lang.InterruptedException]]>
              </value>
            </param>
          </params>
          <reporter-output>
          </reporter-output>
        </test-method> <!-- startTest -->
        <test-method signature="Wishlist()[pri:13, instance:com.Flipkart_selenium_tests.Account_test@4bff1903]" started-at="2022-07-14T22:36:52 IST" name="Wishlist" finished-at="2022-07-14T22:37:01 IST" duration-ms="8671" status="PASS">
          <reporter-output>
          </reporter-output>
        </test-method> <!-- Wishlist -->
        <test-method is-config="true" signature="ResultTest(org.testng.ITestResult)[pri:0, instance:com.Flipkart_selenium_tests.Account_test@4bff1903]" started-at="2022-07-14T22:37:01 IST" name="ResultTest" finished-at="2022-07-14T22:37:01 IST" duration-ms="0" status="PASS">
          <params>
            <param index="0">
              <value>
                <![CDATA[[TestResult name=Wishlist status=SUCCESS method=Account_test.Wishlist()[pri:13, instance:com.Flipkart_selenium_tests.Account_test@4bff1903] output={null}]]]>
              </value>
            </param>
          </params>
          <reporter-output>
          </reporter-output>
        </test-method> <!-- ResultTest -->
        <test-method is-config="true" signature="testClose()[pri:0, instance:com.Flipkart_selenium_tests.Account_test@4bff1903]" started-at="2022-07-14T22:37:01 IST" name="testClose" finished-at="2022-07-14T22:37:01 IST" duration-ms="611" status="PASS">
          <reporter-output>
          </reporter-output>
        </test-method> <!-- testClose -->
        <test-method is-config="true" signature="initializeDriver()[pri:0, instance:com.Flipkart_selenium_tests.Account_test@4bff1903]" started-at="2022-07-14T22:37:01 IST" name="initializeDriver" finished-at="2022-07-14T22:37:03 IST" duration-ms="1153" status="PASS">
          <reporter-output>
          </reporter-output>
        </test-method> <!-- initializeDriver -->
        <test-method is-config="true" signature="openUrl()[pri:0, instance:com.Flipkart_selenium_tests.Account_test@4bff1903]" started-at="2022-07-14T22:37:03 IST" name="openUrl" finished-at="2022-07-14T22:37:05 IST" duration-ms="2079" status="PASS">
          <reporter-output>
          </reporter-output>
        </test-method> <!-- openUrl -->
        <test-method is-config="true" signature="startTest(java.lang.reflect.Method)[pri:0, instance:com.Flipkart_selenium_tests.Account_test@4bff1903]" started-at="2022-07-14T22:37:05 IST" name="startTest" finished-at="2022-07-14T22:37:05 IST" duration-ms="0" status="PASS">
          <params>
            <param index="0">
              <value>
                <![CDATA[public void com.Flipkart_selenium_tests.Account_test.Mychats() throws java.lang.InterruptedException]]>
              </value>
            </param>
          </params>
          <reporter-output>
          </reporter-output>
        </test-method> <!-- startTest -->
        <test-method signature="Mychats()[pri:14, instance:com.Flipkart_selenium_tests.Account_test@4bff1903]" started-at="2022-07-14T22:37:05 IST" name="Mychats" finished-at="2022-07-14T22:37:14 IST" duration-ms="9524" status="PASS">
          <reporter-output>
          </reporter-output>
        </test-method> <!-- Mychats -->
        <test-method is-config="true" signature="ResultTest(org.testng.ITestResult)[pri:0, instance:com.Flipkart_selenium_tests.Account_test@4bff1903]" started-at="2022-07-14T22:37:14 IST" name="ResultTest" finished-at="2022-07-14T22:37:14 IST" duration-ms="2" status="PASS">
          <params>
            <param index="0">
              <value>
                <![CDATA[[TestResult name=Mychats status=SUCCESS method=Account_test.Mychats()[pri:14, instance:com.Flipkart_selenium_tests.Account_test@4bff1903] output={null}]]]>
              </value>
            </param>
          </params>
          <reporter-output>
          </reporter-output>
        </test-method> <!-- ResultTest -->
        <test-method is-config="true" signature="testClose()[pri:0, instance:com.Flipkart_selenium_tests.Account_test@4bff1903]" started-at="2022-07-14T22:37:14 IST" name="testClose" finished-at="2022-07-14T22:37:15 IST" duration-ms="611" status="PASS">
          <reporter-output>
          </reporter-output>
        </test-method> <!-- testClose -->
        <test-method is-config="true" signature="initializeDriver()[pri:0, instance:com.Flipkart_selenium_tests.Account_test@4bff1903]" started-at="2022-07-14T22:37:15 IST" name="initializeDriver" finished-at="2022-07-14T22:37:16 IST" duration-ms="1153" status="PASS">
          <reporter-output>
          </reporter-output>
        </test-method> <!-- initializeDriver -->
        <test-method is-config="true" signature="openUrl()[pri:0, instance:com.Flipkart_selenium_tests.Account_test@4bff1903]" started-at="2022-07-14T22:37:16 IST" name="openUrl" finished-at="2022-07-14T22:37:22 IST" duration-ms="5740" status="PASS">
          <reporter-output>
          </reporter-output>
        </test-method> <!-- openUrl -->
        <test-method signature="MobileButton()[pri:15, instance:com.Flipkart_selenium_tests.Account_test@4bff1903]" started-at="2022-07-14T22:37:22 IST" name="MobileButton" finished-at="2022-07-14T22:37:28 IST" duration-ms="6372" status="PASS">
          <reporter-output>
          </reporter-output>
        </test-method> <!-- MobileButton -->
        <test-method is-config="true" signature="startTest(java.lang.reflect.Method)[pri:0, instance:com.Flipkart_selenium_tests.Account_test@4bff1903]" started-at="2022-07-14T22:37:22 IST" name="startTest" finished-at="2022-07-14T22:37:22 IST" duration-ms="0" status="PASS">
          <params>
            <param index="0">
              <value>
                <![CDATA[public void com.Flipkart_selenium_tests.Account_test.MobileButton() throws java.lang.InterruptedException]]>
              </value>
            </param>
          </params>
          <reporter-output>
          </reporter-output>
        </test-method> <!-- startTest -->
        <test-method is-config="true" signature="testClose()[pri:0, instance:com.Flipkart_selenium_tests.Account_test@4bff1903]" started-at="2022-07-14T22:37:28 IST" name="testClose" finished-at="2022-07-14T22:37:29 IST" duration-ms="703" status="PASS">
          <reporter-output>
          </reporter-output>
        </test-method> <!-- testClose -->
        <test-method is-config="true" signature="ResultTest(org.testng.ITestResult)[pri:0, instance:com.Flipkart_selenium_tests.Account_test@4bff1903]" started-at="2022-07-14T22:37:28 IST" name="ResultTest" finished-at="2022-07-14T22:37:28 IST" duration-ms="0" status="PASS">
          <params>
            <param index="0">
              <value>
                <![CDATA[[TestResult name=MobileButton status=SUCCESS method=Account_test.MobileButton()[pri:15, instance:com.Flipkart_selenium_tests.Account_test@4bff1903] output={null}]]]>
              </value>
            </param>
          </params>
          <reporter-output>
          </reporter-output>
        </test-method> <!-- ResultTest -->
        <test-method is-config="true" signature="initializeDriver()[pri:0, instance:com.Flipkart_selenium_tests.Account_test@4bff1903]" started-at="2022-07-14T22:37:29 IST" name="initializeDriver" finished-at="2022-07-14T22:37:30 IST" duration-ms="1151" status="PASS">
          <reporter-output>
          </reporter-output>
        </test-method> <!-- initializeDriver -->
        <test-method is-config="true" signature="openUrl()[pri:0, instance:com.Flipkart_selenium_tests.Account_test@4bff1903]" started-at="2022-07-14T22:37:30 IST" name="openUrl" finished-at="2022-07-14T22:37:32 IST" duration-ms="1683" status="PASS">
          <reporter-output>
          </reporter-output>
        </test-method> <!-- openUrl -->
        <test-method is-config="true" signature="startTest(java.lang.reflect.Method)[pri:0, instance:com.Flipkart_selenium_tests.Account_test@4bff1903]" started-at="2022-07-14T22:37:32 IST" name="startTest" finished-at="2022-07-14T22:37:32 IST" duration-ms="1" status="PASS">
          <params>
            <param index="0">
              <value>
                <![CDATA[public void com.Flipkart_selenium_tests.Account_test.SuperCoin() throws java.lang.InterruptedException]]>
              </value>
            </param>
          </params>
          <reporter-output>
          </reporter-output>
        </test-method> <!-- startTest -->
        <test-method signature="SuperCoin()[pri:16, instance:com.Flipkart_selenium_tests.Account_test@4bff1903]" started-at="2022-07-14T22:37:32 IST" name="SuperCoin" finished-at="2022-07-14T22:37:44 IST" duration-ms="11881" status="PASS">
          <reporter-output>
          </reporter-output>
        </test-method> <!-- SuperCoin -->
        <test-method is-config="true" signature="testClose()[pri:0, instance:com.Flipkart_selenium_tests.Account_test@4bff1903]" started-at="2022-07-14T22:37:44 IST" name="testClose" finished-at="2022-07-14T22:37:44 IST" duration-ms="610" status="PASS">
          <reporter-output>
          </reporter-output>
        </test-method> <!-- testClose -->
        <test-method is-config="true" signature="ResultTest(org.testng.ITestResult)[pri:0, instance:com.Flipkart_selenium_tests.Account_test@4bff1903]" started-at="2022-07-14T22:37:44 IST" name="ResultTest" finished-at="2022-07-14T22:37:44 IST" duration-ms="0" status="PASS">
          <params>
            <param index="0">
              <value>
                <![CDATA[[TestResult name=SuperCoin status=SUCCESS method=Account_test.SuperCoin()[pri:16, instance:com.Flipkart_selenium_tests.Account_test@4bff1903] output={null}]]]>
              </value>
            </param>
          </params>
          <reporter-output>
          </reporter-output>
        </test-method> <!-- ResultTest -->
        <test-method is-config="true" signature="initializeDriver()[pri:0, instance:com.Flipkart_selenium_tests.Account_test@4bff1903]" started-at="2022-07-14T22:37:44 IST" name="initializeDriver" finished-at="2022-07-14T22:37:45 IST" duration-ms="1150" status="PASS">
          <reporter-output>
          </reporter-output>
        </test-method> <!-- initializeDriver -->
        <test-method is-config="true" signature="openUrl()[pri:0, instance:com.Flipkart_selenium_tests.Account_test@4bff1903]" started-at="2022-07-14T22:37:45 IST" name="openUrl" finished-at="2022-07-14T22:37:47 IST" duration-ms="1768" status="PASS">
          <reporter-output>
          </reporter-output>
        </test-method> <!-- openUrl -->
        <test-method is-config="true" signature="startTest(java.lang.reflect.Method)[pri:0, instance:com.Flipkart_selenium_tests.Account_test@4bff1903]" started-at="2022-07-14T22:37:47 IST" name="startTest" finished-at="2022-07-14T22:37:47 IST" duration-ms="0" status="PASS">
          <params>
            <param index="0">
              <value>
                <![CDATA[public void com.Flipkart_selenium_tests.Account_test.Grocery() throws java.lang.InterruptedException]]>
              </value>
            </param>
          </params>
          <reporter-output>
          </reporter-output>
        </test-method> <!-- startTest -->
        <test-method signature="Grocery()[pri:17, instance:com.Flipkart_selenium_tests.Account_test@4bff1903]" started-at="2022-07-14T22:37:47 IST" name="Grocery" finished-at="2022-07-14T22:37:54 IST" duration-ms="6905" status="PASS">
          <reporter-output>
          </reporter-output>
        </test-method> <!-- Grocery -->
        <test-method is-config="true" signature="ResultTest(org.testng.ITestResult)[pri:0, instance:com.Flipkart_selenium_tests.Account_test@4bff1903]" started-at="2022-07-14T22:37:54 IST" name="ResultTest" finished-at="2022-07-14T22:37:54 IST" duration-ms="1" status="PASS">
          <params>
            <param index="0">
              <value>
                <![CDATA[[TestResult name=Grocery status=SUCCESS method=Account_test.Grocery()[pri:17, instance:com.Flipkart_selenium_tests.Account_test@4bff1903] output={null}]]]>
              </value>
            </param>
          </params>
          <reporter-output>
          </reporter-output>
        </test-method> <!-- ResultTest -->
        <test-method is-config="true" signature="testClose()[pri:0, instance:com.Flipkart_selenium_tests.Account_test@4bff1903]" started-at="2022-07-14T22:37:54 IST" name="testClose" finished-at="2022-07-14T22:37:55 IST" duration-ms="617" status="PASS">
          <reporter-output>
          </reporter-output>
        </test-method> <!-- testClose -->
      </class> <!-- com.Flipkart_selenium_tests.Account_test -->
      <class name="com.Flipkart_selenium_tests.Login_test">
        <test-method is-config="true" signature="initializeDriver()[pri:0, instance:com.Flipkart_selenium_tests.Login_test@654d8173]" started-at="2022-07-14T22:38:04 IST" name="initializeDriver" finished-at="2022-07-14T22:38:05 IST" duration-ms="1166" status="PASS">
          <reporter-output>
          </reporter-output>
        </test-method> <!-- initializeDriver -->
        <test-method is-config="true" signature="openUrl()[pri:0, instance:com.Flipkart_selenium_tests.Login_test@654d8173]" started-at="2022-07-14T22:38:05 IST" name="openUrl" finished-at="2022-07-14T22:38:07 IST" duration-ms="1957" status="PASS">
          <reporter-output>
          </reporter-output>
        </test-method> <!-- openUrl -->
        <test-method is-config="true" signature="startTest(java.lang.reflect.Method)[pri:0, instance:com.Flipkart_selenium_tests.Login_test@654d8173]" started-at="2022-07-14T22:38:07 IST" name="startTest" finished-at="2022-07-14T22:38:07 IST" duration-ms="0" status="PASS">
          <params>
            <param index="0">
              <value>
                <![CDATA[public void com.Flipkart_selenium_tests.Login_test.Login() throws java.lang.InterruptedException]]>
              </value>
            </param>
          </params>
          <reporter-output>
          </reporter-output>
        </test-method> <!-- startTest -->
        <test-method signature="Login()[pri:0, instance:com.Flipkart_selenium_tests.Login_test@654d8173]" started-at="2022-07-14T22:38:07 IST" name="Login" finished-at="2022-07-14T22:38:10 IST" duration-ms="3439" status="PASS">
          <reporter-output>
          </reporter-output>
        </test-method> <!-- Login -->
        <test-method is-config="true" signature="ResultTest(org.testng.ITestResult)[pri:0, instance:com.Flipkart_selenium_tests.Login_test@654d8173]" started-at="2022-07-14T22:38:10 IST" name="ResultTest" finished-at="2022-07-14T22:38:10 IST" duration-ms="0" status="PASS">
          <params>
            <param index="0">
              <value>
                <![CDATA[[TestResult name=Login status=SUCCESS method=Login_test.Login()[pri:0, instance:com.Flipkart_selenium_tests.Login_test@654d8173] output={null}]]]>
              </value>
            </param>
          </params>
          <reporter-output>
          </reporter-output>
        </test-method> <!-- ResultTest -->
        <test-method is-config="true" signature="testClose()[pri:0, instance:com.Flipkart_selenium_tests.Login_test@654d8173]" started-at="2022-07-14T22:38:10 IST" name="testClose" finished-at="2022-07-14T22:38:11 IST" duration-ms="625" status="PASS">
          <reporter-output>
          </reporter-output>
        </test-method> <!-- testClose -->
        <test-method is-config="true" signature="initializeDriver()[pri:0, instance:com.Flipkart_selenium_tests.Login_test@654d8173]" started-at="2022-07-14T22:38:11 IST" name="initializeDriver" finished-at="2022-07-14T22:38:12 IST" duration-ms="1176" status="PASS">
          <reporter-output>
          </reporter-output>
        </test-method> <!-- initializeDriver -->
        <test-method is-config="true" signature="openUrl()[pri:0, instance:com.Flipkart_selenium_tests.Login_test@654d8173]" started-at="2022-07-14T22:38:12 IST" name="openUrl" finished-at="2022-07-14T22:38:14 IST" duration-ms="1777" status="PASS">
          <reporter-output>
          </reporter-output>
        </test-method> <!-- openUrl -->
        <test-method signature="Invalid_Login()[pri:1, instance:com.Flipkart_selenium_tests.Login_test@654d8173]" started-at="2022-07-14T22:38:14 IST" name="Invalid_Login" finished-at="2022-07-14T22:38:16 IST" duration-ms="2226" status="PASS">
          <reporter-output>
          </reporter-output>
        </test-method> <!-- Invalid_Login -->
        <test-method is-config="true" signature="startTest(java.lang.reflect.Method)[pri:0, instance:com.Flipkart_selenium_tests.Login_test@654d8173]" started-at="2022-07-14T22:38:14 IST" name="startTest" finished-at="2022-07-14T22:38:14 IST" duration-ms="0" status="PASS">
          <params>
            <param index="0">
              <value>
                <![CDATA[public void com.Flipkart_selenium_tests.Login_test.Invalid_Login() throws java.lang.InterruptedException]]>
              </value>
            </param>
          </params>
          <reporter-output>
          </reporter-output>
        </test-method> <!-- startTest -->
        <test-method is-config="true" signature="testClose()[pri:0, instance:com.Flipkart_selenium_tests.Login_test@654d8173]" started-at="2022-07-14T22:38:16 IST" name="testClose" finished-at="2022-07-14T22:38:17 IST" duration-ms="609" status="PASS">
          <reporter-output>
          </reporter-output>
        </test-method> <!-- testClose -->
        <test-method is-config="true" signature="ResultTest(org.testng.ITestResult)[pri:0, instance:com.Flipkart_selenium_tests.Login_test@654d8173]" started-at="2022-07-14T22:38:16 IST" name="ResultTest" finished-at="2022-07-14T22:38:16 IST" duration-ms="0" status="PASS">
          <params>
            <param index="0">
              <value>
                <![CDATA[[TestResult name=Invalid_Login status=SUCCESS method=Login_test.Invalid_Login()[pri:1, instance:com.Flipkart_selenium_tests.Login_test@654d8173] output={null}]]]>
              </value>
            </param>
          </params>
          <reporter-output>
          </reporter-output>
        </test-method> <!-- ResultTest -->
        <test-method is-config="true" signature="initializeDriver()[pri:0, instance:com.Flipkart_selenium_tests.Login_test@654d8173]" started-at="2022-07-14T22:38:17 IST" name="initializeDriver" finished-at="2022-07-14T22:38:18 IST" duration-ms="1168" status="PASS">
          <reporter-output>
          </reporter-output>
        </test-method> <!-- initializeDriver -->
        <test-method is-config="true" signature="openUrl()[pri:0, instance:com.Flipkart_selenium_tests.Login_test@654d8173]" started-at="2022-07-14T22:38:18 IST" name="openUrl" finished-at="2022-07-14T22:38:20 IST" duration-ms="1822" status="PASS">
          <reporter-output>
          </reporter-output>
        </test-method> <!-- openUrl -->
        <test-method is-config="true" signature="startTest(java.lang.reflect.Method)[pri:0, instance:com.Flipkart_selenium_tests.Login_test@654d8173]" started-at="2022-07-14T22:38:20 IST" name="startTest" finished-at="2022-07-14T22:38:20 IST" duration-ms="0" status="PASS">
          <params>
            <param index="0">
              <value>
                <![CDATA[public void com.Flipkart_selenium_tests.Login_test.Otp_Login_button() throws java.lang.InterruptedException]]>
              </value>
            </param>
          </params>
          <reporter-output>
          </reporter-output>
        </test-method> <!-- startTest -->
        <test-method signature="Otp_Login_button()[pri:2, instance:com.Flipkart_selenium_tests.Login_test@654d8173]" started-at="2022-07-14T22:38:20 IST" name="Otp_Login_button" finished-at="2022-07-14T22:38:22 IST" duration-ms="2153" status="PASS">
          <reporter-output>
          </reporter-output>
        </test-method> <!-- Otp_Login_button -->
        <test-method is-config="true" signature="ResultTest(org.testng.ITestResult)[pri:0, instance:com.Flipkart_selenium_tests.Login_test@654d8173]" started-at="2022-07-14T22:38:22 IST" name="ResultTest" finished-at="2022-07-14T22:38:22 IST" duration-ms="1" status="PASS">
          <params>
            <param index="0">
              <value>
                <![CDATA[[TestResult name=Otp_Login_button status=SUCCESS method=Login_test.Otp_Login_button()[pri:2, instance:com.Flipkart_selenium_tests.Login_test@654d8173] output={null}]]]>
              </value>
            </param>
          </params>
          <reporter-output>
          </reporter-output>
        </test-method> <!-- ResultTest -->
        <test-method is-config="true" signature="testClose()[pri:0, instance:com.Flipkart_selenium_tests.Login_test@654d8173]" started-at="2022-07-14T22:38:22 IST" name="testClose" finished-at="2022-07-14T22:38:22 IST" duration-ms="626" status="PASS">
          <reporter-output>
          </reporter-output>
        </test-method> <!-- testClose -->
        <test-method is-config="true" signature="initializeDriver()[pri:0, instance:com.Flipkart_selenium_tests.Login_test@654d8173]" started-at="2022-07-14T22:38:22 IST" name="initializeDriver" finished-at="2022-07-14T22:38:24 IST" duration-ms="1155" status="PASS">
          <reporter-output>
          </reporter-output>
        </test-method> <!-- initializeDriver -->
        <test-method is-config="true" signature="openUrl()[pri:0, instance:com.Flipkart_selenium_tests.Login_test@654d8173]" started-at="2022-07-14T22:38:24 IST" name="openUrl" finished-at="2022-07-14T22:38:25 IST" duration-ms="1764" status="PASS">
          <reporter-output>
          </reporter-output>
        </test-method> <!-- openUrl -->
        <test-method signature="Logout()[pri:3, instance:com.Flipkart_selenium_tests.Login_test@654d8173]" started-at="2022-07-14T22:38:25 IST" name="Logout" finished-at="2022-07-14T22:38:30 IST" duration-ms="4635" status="PASS">
          <reporter-output>
          </reporter-output>
        </test-method> <!-- Logout -->
        <test-method is-config="true" signature="startTest(java.lang.reflect.Method)[pri:0, instance:com.Flipkart_selenium_tests.Login_test@654d8173]" started-at="2022-07-14T22:38:25 IST" name="startTest" finished-at="2022-07-14T22:38:25 IST" duration-ms="0" status="PASS">
          <params>
            <param index="0">
              <value>
                <![CDATA[public void com.Flipkart_selenium_tests.Login_test.Logout() throws java.lang.InterruptedException]]>
              </value>
            </param>
          </params>
          <reporter-output>
          </reporter-output>
        </test-method> <!-- startTest -->
        <test-method is-config="true" signature="testClose()[pri:0, instance:com.Flipkart_selenium_tests.Login_test@654d8173]" started-at="2022-07-14T22:38:30 IST" name="testClose" finished-at="2022-07-14T22:38:31 IST" duration-ms="598" status="PASS">
          <reporter-output>
          </reporter-output>
        </test-method> <!-- testClose -->
        <test-method is-config="true" signature="ResultTest(org.testng.ITestResult)[pri:0, instance:com.Flipkart_selenium_tests.Login_test@654d8173]" started-at="2022-07-14T22:38:30 IST" name="ResultTest" finished-at="2022-07-14T22:38:30 IST" duration-ms="0" status="PASS">
          <params>
            <param index="0">
              <value>
                <![CDATA[[TestResult name=Logout status=SUCCESS method=Login_test.Logout()[pri:3, instance:com.Flipkart_selenium_tests.Login_test@654d8173] output={null}]]]>
              </value>
            </param>
          </params>
          <reporter-output>
          </reporter-output>
        </test-method> <!-- ResultTest -->
      </class> <!-- com.Flipkart_selenium_tests.Login_test -->
    </test> <!-- Test -->
  </suite> <!-- Suite -->
</testng-results>
